<?xml version="1.0" encoding="UTF-8"?>
<!-- Generated by org.testng.reporters.JUnitReportReporter -->
<testsuite hostname="TWL20160304004" name="com.tuhu.PerformanceTuHu" tests="1" failures="0" timestamp="1 Dec 2016 08:39:13 GMT" time="44.426" errors="0">
  <testcase name="toGetData" time="44.426" classname="com.tuhu.PerformanceTuHu"/>
</testsuite> <!-- com.tuhu.PerformanceTuHu -->
