<?xml version="1.0" encoding="UTF-8"?>
<!-- Generated by org.testng.reporters.JUnitReportReporter -->
<testsuite hostname="TWL20160304004" name="qccr.performance.b.PerformanceClientB" tests="1" failures="1" timestamp="2 Dec 2016 01:49:00 GMT" time="22.057" errors="0">
  <testcase name="b_performance" time="22.057" classname="qccr.performance.b.PerformanceClientB">
    <failure type="org.openqa.selenium.NoSuchElementException" message="An element could not be located on the page using the given search parameters. (WARNING: The server did not provide any stacktrace information)
Command duration or timeout: 10.33 seconds
For documentation on this error, please visit: http://seleniumhq.org/exceptions/no_such_element.html
Build info: version: &#039;2.48.2&#039;, revision: &#039;41bccdd10cf2c0560f637404c2d96164b67d9d67&#039;, time: &#039;2015-10-09 13:08:06&#039;
System info: host: &#039;TWL20160304004&#039;, ip: &#039;10.10.20.89&#039;, os.name: &#039;Windows 10&#039;, os.arch: &#039;amd64&#039;, os.version: &#039;10.0&#039;, java.version: &#039;1.8.0_77&#039;
Driver info: io.appium.java_client.android.AndroidDriver
Capabilities [{app=D:/Work/apks/BApp_2.apk, networkConnectionEnabled=true, setWebContentsDebuggingEnabled=true, noReset=true, warnings={}, databaseEnabled=false, deviceName=7N2SQL151H030980, ignoreUnimportantViews=true, platform=LINUX, desired={app=D:/Work/apks/BApp_2.apk, setWebContentsDebuggingEnabled=true, noReset=true, newCommandTimeout=300, unicodeKeyboard=true, platformName=Android, deviceName=eda6d8a9, resetKeyboard=true, ignoreUnimportantViews=true}, newCommandTimeout=300, platformVersion=5.1.1, webStorageEnabled=false, locationContextEnabled=false, browserName=Android, takesScreenshot=true, javascriptEnabled=true, unicodeKeyboard=true, platformName=Android, resetKeyboard=true}]
Session ID: 115b3fc3-e913-49a0-8751-3acf959a9a55
*** Element info: {Using=-android uiautomator, value=new UiSelector().resourceId(&quot;com.twl.qichechaoren_business:id/bt_pay&quot;).instance(0)}">
      <![CDATA[org.openqa.selenium.NoSuchElementException: An element could not be located on the page using the given search parameters. (WARNING: The server did not provide any stacktrace information)
Command duration or timeout: 10.33 seconds
For documentation on this error, please visit: http://seleniumhq.org/exceptions/no_such_element.html
Build info: version: '2.48.2', revision: '41bccdd10cf2c0560f637404c2d96164b67d9d67', time: '2015-10-09 13:08:06'
System info: host: 'TWL20160304004', ip: '10.10.20.89', os.name: 'Windows 10', os.arch: 'amd64', os.version: '10.0', java.version: '1.8.0_77'
Driver info: io.appium.java_client.android.AndroidDriver
Capabilities [{app=D:/Work/apks/BApp_2.apk, networkConnectionEnabled=true, setWebContentsDebuggingEnabled=true, noReset=true, warnings={}, databaseEnabled=false, deviceName=7N2SQL151H030980, ignoreUnimportantViews=true, platform=LINUX, desired={app=D:/Work/apks/BApp_2.apk, setWebContentsDebuggingEnabled=true, noReset=true, newCommandTimeout=300, unicodeKeyboard=true, platformName=Android, deviceName=eda6d8a9, resetKeyboard=true, ignoreUnimportantViews=true}, newCommandTimeout=300, platformVersion=5.1.1, webStorageEnabled=false, locationContextEnabled=false, browserName=Android, takesScreenshot=true, javascriptEnabled=true, unicodeKeyboard=true, platformName=Android, resetKeyboard=true}]
Session ID: 115b3fc3-e913-49a0-8751-3acf959a9a55
*** Element info: {Using=-android uiautomator, value=new UiSelector().resourceId("com.twl.qichechaoren_business:id/bt_pay").instance(0)}
	at sun.reflect.NativeConstructorAccessorImpl.newInstance0(Native Method)
	at sun.reflect.NativeConstructorAccessorImpl.newInstance(Unknown Source)
	at sun.reflect.DelegatingConstructorAccessorImpl.newInstance(Unknown Source)
	at java.lang.reflect.Constructor.newInstance(Unknown Source)
	at org.openqa.selenium.remote.ErrorHandler.createThrowable(ErrorHandler.java:206)
	at org.openqa.selenium.remote.ErrorHandler.throwIfResponseFailed(ErrorHandler.java:158)
	at org.openqa.selenium.remote.RemoteWebDriver.execute(RemoteWebDriver.java:647)
	at io.appium.java_client.DefaultGenericMobileDriver.execute(DefaultGenericMobileDriver.java:43)
	at io.appium.java_client.AppiumDriver.execute(AppiumDriver.java:1)
	at io.appium.java_client.android.AndroidDriver.execute(AndroidDriver.java:1)
	at org.openqa.selenium.remote.RemoteWebDriver.findElement(RemoteWebDriver.java:353)
	at io.appium.java_client.android.AndroidDriver.findElementByAndroidUIAutomator(AndroidDriver.java:324)
	at baseClass.AppUiBaseDevice.getEle(AppUiBaseDevice.java:176)
	at baseClass.AppUiBaseDevice.toClick(AppUiBaseDevice.java:316)
	at qccr.performance.b.PerformanceClientB.b_performance(PerformanceClientB.java:20)
	at sun.reflect.NativeMethodAccessorImpl.invoke0(Native Method)
	at sun.reflect.NativeMethodAccessorImpl.invoke(Unknown Source)
	at sun.reflect.DelegatingMethodAccessorImpl.invoke(Unknown Source)
	at java.lang.reflect.Method.invoke(Unknown Source)
	at org.testng.internal.MethodInvocationHelper.invokeMethod(MethodInvocationHelper.java:84)
	at org.testng.internal.Invoker.invokeMethod(Invoker.java:714)
	at org.testng.internal.Invoker.invokeTestMethod(Invoker.java:901)
	at org.testng.internal.Invoker.invokeTestMethods(Invoker.java:1231)
	at org.testng.internal.TestMethodWorker.invokeTestMethods(TestMethodWorker.java:127)
	at org.testng.internal.TestMethodWorker.run(TestMethodWorker.java:111)
	at org.testng.TestRunner.privateRun(TestRunner.java:767)
	at org.testng.TestRunner.run(TestRunner.java:617)
	at org.testng.SuiteRunner.runTest(SuiteRunner.java:334)
	at org.testng.SuiteRunner.runSequentially(SuiteRunner.java:329)
	at org.testng.SuiteRunner.privateRun(SuiteRunner.java:291)
	at org.testng.SuiteRunner.run(SuiteRunner.java:240)
	at org.testng.SuiteRunnerWorker.runSuite(SuiteRunnerWorker.java:52)
	at org.testng.SuiteRunnerWorker.run(SuiteRunnerWorker.java:86)
	at org.testng.TestNG.runSuitesSequentially(TestNG.java:1224)
	at org.testng.TestNG.runSuitesLocally(TestNG.java:1149)
	at org.testng.TestNG.run(TestNG.java:1057)
	at org.testng.remote.AbstractRemoteTestNG.run(AbstractRemoteTestNG.java:126)
	at org.testng.remote.RemoteTestNG.initAndRun(RemoteTestNG.java:152)
	at org.testng.remote.RemoteTestNG.main(RemoteTestNG.java:57)
]]>
    </failure>
  </testcase> <!-- b_performance -->
</testsuite> <!-- qccr.performance.b.PerformanceClientB -->
