<?xml version="1.0" encoding="UTF-8"?>
<!-- Generated by org.testng.reporters.JUnitReportReporter -->
<testsuite hostname="TWL20160304004" name="qccr.performance.b.PerformanceClientB" tests="1" failures="0" timestamp="1 Dec 2016 08:59:22 GMT" time="31.634" errors="0">
  <testcase name="b_performance" time="31.634" classname="qccr.performance.b.PerformanceClientB"/>
</testsuite> <!-- qccr.performance.b.PerformanceClientB -->
